[1537157787.473][INFO]: [ea1d71b07e9928fefade7944ecba5c36] COMMAND InitSession {
   "capabilities": {
      "desiredCapabilities": {
         "browserName": "chrome",
         "goog:chromeOptions": {
            "args": [  ],
            "extensions": [  ]
         }
      },
      "firstMatch": [ {
         "browserName": "chrome",
         "goog:chromeOptions": {
            "args": [  ],
            "extensions": [  ]
         }
      } ]
   },
   "desiredCapabilities": {
      "browserName": "chrome",
      "goog:chromeOptions": {
         "args": [  ],
         "extensions": [  ]
      }
   }
}
[1537157787.486][INFO]: Populating Preferences file: {
   "alternate_error_pages": {
      "enabled": false
   },
   "autofill": {
      "enabled": false
   },
   "browser": {
      "check_default_browser": false
   },
   "distribution": {
      "import_bookmarks": false,
      "import_history": false,
      "import_search_engine": false,
      "make_chrome_default_for_user": false,
      "skip_first_run_ui": true
   },
   "dns_prefetching": {
      "enabled": false
   },
   "profile": {
      "content_settings": {
         "pattern_pairs": {
            "https://*,*": {
               "media-stream": {
                  "audio": "Default",
                  "video": "Default"
               }
            }
         }
      },
      "default_content_setting_values": {
         "geolocation": 1
      },
      "default_content_settings": {
         "geolocation": 1,
         "mouselock": 1,
         "notifications": 1,
         "popups": 1,
         "ppapi-broker": 1
      },
      "password_manager_enabled": false
   },
   "safebrowsing": {
      "enabled": false
   },
   "search": {
      "suggest_enabled": false
   },
   "translate": {
      "enabled": false
   }
}
[1537157787.488][INFO]: Populating Local State file: {
   "background_mode": {
      "enabled": false
   },
   "ssl": {
      "rev_checking": {
         "enabled": false
      }
   }
}
[1537157787.497][INFO]: Launching chrome: /Applications/Google Chrome.app/Contents/MacOS/Google Chrome --disable-background-networking --disable-client-side-phishing-detection --disable-default-apps --disable-hang-monitor --disable-popup-blocking --disable-prompt-on-repost --disable-sync --disable-web-resources --enable-automation --enable-logging --force-fieldtrials=SiteIsolationExtensions/Control --ignore-certificate-errors --load-extension=/var/folders/3l/mnsbbvwd041cf0xpw_yj0_vm0000gn/T/.org.chromium.Chromium.PQ10g5/internal --log-level=0 --metrics-recording-only --no-first-run --password-store=basic --remote-debugging-port=0 --test-type=webdriver --use-mock-keychain --user-data-dir=/var/folders/3l/mnsbbvwd041cf0xpw_yj0_vm0000gn/T/.org.chromium.Chromium.xezqQN data:,
[1537157794.727][INFO]: resolved localhost to ["127.0.0.1","::1"]
[1537157797.359][INFO]: [ea1d71b07e9928fefade7944ecba5c36] RESPONSE InitSession {
   "acceptInsecureCerts": false,
   "acceptSslCerts": false,
   "applicationCacheEnabled": false,
   "browserConnectionEnabled": false,
   "browserName": "chrome",
   "chrome": {
      "chromedriverVersion": "2.42.591059 (a3d9684d10d61aa0c45f6723b327283be1ebaad8)",
      "userDataDir": "/var/folders/3l/mnsbbvwd041cf0xpw_yj0_vm0000gn/T/.org.chromium.Chromium.xezqQN"
   },
   "cssSelectorsEnabled": true,
   "databaseEnabled": false,
   "goog:chromeOptions": {
      "debuggerAddress": "localhost:62935"
   },
   "handlesAlerts": true,
   "hasTouchScreen": false,
   "javascriptEnabled": true,
   "locationContextEnabled": true,
   "mobileEmulationEnabled": false,
   "nativeEvents": true,
   "networkConnectionEnabled": false,
   "pageLoadStrategy": "normal",
   "platform": "Mac OS X",
   "rotatable": false,
   "~~~": "..."
}
[1537157797.998][INFO]: [ea1d71b07e9928fefade7944ecba5c36] COMMAND SetTimeouts {
   "ms": 10000,
   "type": "page load"
}
[1537157797.998][INFO]: [ea1d71b07e9928fefade7944ecba5c36] RESPONSE SetTimeouts
[1537157798.051][INFO]: [ea1d71b07e9928fefade7944ecba5c36] COMMAND SetTimeouts {
   "ms": 10000,
   "type": "implicit"
}
[1537157798.051][INFO]: [ea1d71b07e9928fefade7944ecba5c36] RESPONSE SetTimeouts
[1537157798.104][INFO]: [ea1d71b07e9928fefade7944ecba5c36] COMMAND MaximizeWindow {
   "handle": "current",
   "windowHandle": "current"
}
[1537157798.107][INFO]: resolved localhost to ["127.0.0.1","::1"]
[1537157798.560][INFO]: [ea1d71b07e9928fefade7944ecba5c36] RESPONSE MaximizeWindow {
   "height": 728,
   "width": 1200,
   "x": 22,
   "y": 23
}
[1537157798.707][INFO]: [ea1d71b07e9928fefade7944ecba5c36] COMMAND Navigate {
   "url": "https://github.com/"
}
[1537157798.708][INFO]: Waiting for pending navigations...
[1537157798.712][INFO]: Done waiting for pending navigations. Status: ok
[1537157802.440][INFO]: Waiting for pending navigations...
[1537157808.709][SEVERE]: Timed out receiving message from renderer: 6.268
[1537157808.710][INFO]: Timed out. Stopping navigation...
[1537157808.712][SEVERE]: Timed out receiving message from renderer: -0.005
[1537157808.713][INFO]: Done waiting for pending navigations. Status: timeout
[1537157808.713][INFO]: [ea1d71b07e9928fefade7944ecba5c36] RESPONSE Navigate ERROR timeout
  (Session info: chrome=68.0.3440.106)
[1537157809.249][INFO]: [ea1d71b07e9928fefade7944ecba5c36] COMMAND Screenshot {

}
[1537157809.250][INFO]: Waiting for pending navigations...
[1537157819.251][SEVERE]: Timed out receiving message from renderer: 10.000
[1537157819.251][INFO]: Timed out. Stopping navigation...
[1537157819.255][SEVERE]: Timed out receiving message from renderer: -0.005
[1537157819.256][INFO]: Done waiting for pending navigations. Status: timeout
[1537157819.256][INFO]: [ea1d71b07e9928fefade7944ecba5c36] RESPONSE Screenshot ERROR timeout
  (Session info: chrome=68.0.3440.106)
