[1537158937.595][INFO]: [c335ff09c3750ab0ba25718afcaf229f] COMMAND InitSession {
   "capabilities": {
      "desiredCapabilities": {
         "browserName": "chrome",
         "goog:chromeOptions": {
            "args": [  ],
            "extensions": [  ]
         }
      },
      "firstMatch": [ {
         "browserName": "chrome",
         "goog:chromeOptions": {
            "args": [  ],
            "extensions": [  ]
         }
      } ]
   },
   "desiredCapabilities": {
      "browserName": "chrome",
      "goog:chromeOptions": {
         "args": [  ],
         "extensions": [  ]
      }
   }
}
[1537158937.600][INFO]: Populating Preferences file: {
   "alternate_error_pages": {
      "enabled": false
   },
   "autofill": {
      "enabled": false
   },
   "browser": {
      "check_default_browser": false
   },
   "distribution": {
      "import_bookmarks": false,
      "import_history": false,
      "import_search_engine": false,
      "make_chrome_default_for_user": false,
      "skip_first_run_ui": true
   },
   "dns_prefetching": {
      "enabled": false
   },
   "profile": {
      "content_settings": {
         "pattern_pairs": {
            "https://*,*": {
               "media-stream": {
                  "audio": "Default",
                  "video": "Default"
               }
            }
         }
      },
      "default_content_setting_values": {
         "geolocation": 1
      },
      "default_content_settings": {
         "geolocation": 1,
         "mouselock": 1,
         "notifications": 1,
         "popups": 1,
         "ppapi-broker": 1
      },
      "password_manager_enabled": false
   },
   "safebrowsing": {
      "enabled": false
   },
   "search": {
      "suggest_enabled": false
   },
   "translate": {
      "enabled": false
   }
}
[1537158937.600][INFO]: Populating Local State file: {
   "background_mode": {
      "enabled": false
   },
   "ssl": {
      "rev_checking": {
         "enabled": false
      }
   }
}
[1537158937.605][INFO]: Launching chrome: /Applications/Google Chrome.app/Contents/MacOS/Google Chrome --disable-background-networking --disable-client-side-phishing-detection --disable-default-apps --disable-hang-monitor --disable-popup-blocking --disable-prompt-on-repost --disable-sync --disable-web-resources --enable-automation --enable-logging --force-fieldtrials=SiteIsolationExtensions/Control --ignore-certificate-errors --load-extension=/var/folders/3l/mnsbbvwd041cf0xpw_yj0_vm0000gn/T/.org.chromium.Chromium.fxTQl0/internal --log-level=0 --metrics-recording-only --no-first-run --password-store=basic --remote-debugging-port=0 --test-type=webdriver --use-mock-keychain --user-data-dir=/var/folders/3l/mnsbbvwd041cf0xpw_yj0_vm0000gn/T/.org.chromium.Chromium.zhsiLz data:,
[1537158938.924][INFO]: resolved localhost to ["127.0.0.1","::1"]
[1537158939.297][INFO]: [c335ff09c3750ab0ba25718afcaf229f] RESPONSE InitSession {
   "acceptInsecureCerts": false,
   "acceptSslCerts": false,
   "applicationCacheEnabled": false,
   "browserConnectionEnabled": false,
   "browserName": "chrome",
   "chrome": {
      "chromedriverVersion": "2.42.591059 (a3d9684d10d61aa0c45f6723b327283be1ebaad8)",
      "userDataDir": "/var/folders/3l/mnsbbvwd041cf0xpw_yj0_vm0000gn/T/.org.chromium.Chromium.zhsiLz"
   },
   "cssSelectorsEnabled": true,
   "databaseEnabled": false,
   "goog:chromeOptions": {
      "debuggerAddress": "localhost:50840"
   },
   "handlesAlerts": true,
   "hasTouchScreen": false,
   "javascriptEnabled": true,
   "locationContextEnabled": true,
   "mobileEmulationEnabled": false,
   "nativeEvents": true,
   "networkConnectionEnabled": false,
   "pageLoadStrategy": "normal",
   "platform": "Mac OS X",
   "rotatable": false,
   "~~~": "..."
}
[1537158939.412][INFO]: [c335ff09c3750ab0ba25718afcaf229f] COMMAND SetTimeouts {
   "ms": 10000,
   "type": "page load"
}
[1537158939.412][INFO]: [c335ff09c3750ab0ba25718afcaf229f] RESPONSE SetTimeouts
[1537158939.419][INFO]: [c335ff09c3750ab0ba25718afcaf229f] COMMAND SetTimeouts {
   "ms": 10000,
   "type": "implicit"
}
[1537158939.419][INFO]: [c335ff09c3750ab0ba25718afcaf229f] RESPONSE SetTimeouts
[1537158939.427][INFO]: [c335ff09c3750ab0ba25718afcaf229f] COMMAND MaximizeWindow {
   "handle": "current",
   "windowHandle": "current"
}
[1537158939.428][INFO]: resolved localhost to ["127.0.0.1","::1"]
[1537158939.646][INFO]: [c335ff09c3750ab0ba25718afcaf229f] RESPONSE MaximizeWindow {
   "height": 725,
   "width": 1200,
   "x": 22,
   "y": 23
}
[1537158939.695][INFO]: [c335ff09c3750ab0ba25718afcaf229f] COMMAND Navigate {
   "url": "https://github.com/"
}
[1537158939.695][INFO]: Waiting for pending navigations...
[1537158939.696][INFO]: Done waiting for pending navigations. Status: ok
[1537158940.506][INFO]: Waiting for pending navigations...
[1537158943.382][INFO]: Done waiting for pending navigations. Status: ok
[1537158943.382][INFO]: [c335ff09c3750ab0ba25718afcaf229f] RESPONSE Navigate
[1537158943.386][INFO]: [c335ff09c3750ab0ba25718afcaf229f] COMMAND FindElement {
   "using": "xpath",
   "value": "/html/body/div[1]/header/div/div[2]/div/span/div/a[1]"
}
[1537158943.386][INFO]: Waiting for pending navigations...
[1537158943.387][INFO]: Done waiting for pending navigations. Status: ok
[1537158943.413][INFO]: Waiting for pending navigations...
[1537158943.417][INFO]: Done waiting for pending navigations. Status: ok
[1537158943.417][INFO]: [c335ff09c3750ab0ba25718afcaf229f] RESPONSE FindElement {
   "ELEMENT": "0.14582658716791608-1"
}
[1537158943.422][INFO]: [c335ff09c3750ab0ba25718afcaf229f] COMMAND ClickElement {
   "id": "0.14582658716791608-1"
}
[1537158943.422][INFO]: Waiting for pending navigations...
[1537158943.423][INFO]: Done waiting for pending navigations. Status: ok
[1537158943.514][INFO]: Waiting for pending navigations...
[1537158944.035][INFO]: Done waiting for pending navigations. Status: ok
[1537158944.035][INFO]: [c335ff09c3750ab0ba25718afcaf229f] RESPONSE ClickElement
[1537158944.039][INFO]: [c335ff09c3750ab0ba25718afcaf229f] COMMAND FindElement {
   "using": "id",
   "value": "login_field"
}
[1537158944.039][INFO]: Waiting for pending navigations...
[1537158944.040][INFO]: Done waiting for pending navigations. Status: ok
[1537158944.056][INFO]: Waiting for pending navigations...
[1537158944.057][INFO]: Done waiting for pending navigations. Status: ok
[1537158944.057][INFO]: [c335ff09c3750ab0ba25718afcaf229f] RESPONSE FindElement {
   "ELEMENT": "0.6023112720383923-1"
}
[1537158944.062][INFO]: [c335ff09c3750ab0ba25718afcaf229f] COMMAND TypeElement {
   "id": "0.6023112720383923-1",
   "value": [ "mariliauspiana@gmail.com" ]
}
[1537158944.062][INFO]: Waiting for pending navigations...
[1537158944.063][INFO]: Done waiting for pending navigations. Status: ok
[1537158944.321][INFO]: Waiting for pending navigations...
[1537158944.322][INFO]: Done waiting for pending navigations. Status: ok
[1537158944.322][INFO]: [c335ff09c3750ab0ba25718afcaf229f] RESPONSE TypeElement
[1537158944.327][INFO]: [c335ff09c3750ab0ba25718afcaf229f] COMMAND FindElement {
   "using": "id",
   "value": "password"
}
[1537158944.327][INFO]: Waiting for pending navigations...
[1537158944.330][INFO]: Done waiting for pending navigations. Status: ok
[1537158944.351][INFO]: Waiting for pending navigations...
[1537158944.352][INFO]: Done waiting for pending navigations. Status: ok
[1537158944.353][INFO]: [c335ff09c3750ab0ba25718afcaf229f] RESPONSE FindElement {
   "ELEMENT": "0.6023112720383923-2"
}
[1537158944.357][INFO]: [c335ff09c3750ab0ba25718afcaf229f] COMMAND TypeElement {
   "id": "0.6023112720383923-2",
   "value": [ "@Mg7694216" ]
}
[1537158944.357][INFO]: Waiting for pending navigations...
[1537158944.361][INFO]: Done waiting for pending navigations. Status: ok
[1537158944.474][INFO]: Waiting for pending navigations...
[1537158944.475][INFO]: Done waiting for pending navigations. Status: ok
[1537158944.475][INFO]: [c335ff09c3750ab0ba25718afcaf229f] RESPONSE TypeElement
[1537158944.480][INFO]: [c335ff09c3750ab0ba25718afcaf229f] COMMAND FindElement {
   "using": "id",
   "value": "password"
}
[1537158944.480][INFO]: Waiting for pending navigations...
[1537158944.482][INFO]: Done waiting for pending navigations. Status: ok
[1537158944.494][INFO]: Waiting for pending navigations...
[1537158944.495][INFO]: Done waiting for pending navigations. Status: ok
[1537158944.495][INFO]: [c335ff09c3750ab0ba25718afcaf229f] RESPONSE FindElement {
   "ELEMENT": "0.6023112720383923-2"
}
[1537158944.501][INFO]: [c335ff09c3750ab0ba25718afcaf229f] COMMAND SubmitElement {
   "id": "0.6023112720383923-2"
}
[1537158944.501][INFO]: Waiting for pending navigations...
[1537158944.502][INFO]: Done waiting for pending navigations. Status: ok
[1537158944.518][INFO]: Waiting for pending navigations...
[1537158945.595][INFO]: Done waiting for pending navigations. Status: ok
[1537158945.596][INFO]: [c335ff09c3750ab0ba25718afcaf229f] RESPONSE SubmitElement
[1537158945.617][INFO]: [c335ff09c3750ab0ba25718afcaf229f] COMMAND CloseWindow {

}
[1537158945.734][INFO]: [c335ff09c3750ab0ba25718afcaf229f] RESPONSE CloseWindow [  ]
