[1537157223.055][INFO]: [18196c7f040408109eebcfcf50cbc0a7] COMMAND InitSession {
   "capabilities": {
      "desiredCapabilities": {
         "browserName": "chrome",
         "goog:chromeOptions": {
            "args": [  ],
            "extensions": [  ]
         }
      },
      "firstMatch": [ {
         "browserName": "chrome",
         "goog:chromeOptions": {
            "args": [  ],
            "extensions": [  ]
         }
      } ]
   },
   "desiredCapabilities": {
      "browserName": "chrome",
      "goog:chromeOptions": {
         "args": [  ],
         "extensions": [  ]
      }
   }
}
[1537157223.058][INFO]: Populating Preferences file: {
   "alternate_error_pages": {
      "enabled": false
   },
   "autofill": {
      "enabled": false
   },
   "browser": {
      "check_default_browser": false
   },
   "distribution": {
      "import_bookmarks": false,
      "import_history": false,
      "import_search_engine": false,
      "make_chrome_default_for_user": false,
      "skip_first_run_ui": true
   },
   "dns_prefetching": {
      "enabled": false
   },
   "profile": {
      "content_settings": {
         "pattern_pairs": {
            "https://*,*": {
               "media-stream": {
                  "audio": "Default",
                  "video": "Default"
               }
            }
         }
      },
      "default_content_setting_values": {
         "geolocation": 1
      },
      "default_content_settings": {
         "geolocation": 1,
         "mouselock": 1,
         "notifications": 1,
         "popups": 1,
         "ppapi-broker": 1
      },
      "password_manager_enabled": false
   },
   "safebrowsing": {
      "enabled": false
   },
   "search": {
      "suggest_enabled": false
   },
   "translate": {
      "enabled": false
   }
}
[1537157223.058][INFO]: Populating Local State file: {
   "background_mode": {
      "enabled": false
   },
   "ssl": {
      "rev_checking": {
         "enabled": false
      }
   }
}
[1537157223.060][INFO]: Launching chrome: /Applications/Google Chrome.app/Contents/MacOS/Google Chrome --disable-background-networking --disable-client-side-phishing-detection --disable-default-apps --disable-hang-monitor --disable-popup-blocking --disable-prompt-on-repost --disable-sync --disable-web-resources --enable-automation --enable-logging --force-fieldtrials=SiteIsolationExtensions/Control --ignore-certificate-errors --load-extension=/var/folders/3l/mnsbbvwd041cf0xpw_yj0_vm0000gn/T/.org.chromium.Chromium.NbhCVu/internal --log-level=0 --metrics-recording-only --no-first-run --password-store=basic --remote-debugging-port=0 --test-type=webdriver --use-mock-keychain --user-data-dir=/var/folders/3l/mnsbbvwd041cf0xpw_yj0_vm0000gn/T/.org.chromium.Chromium.2ZVlGN data:,
[1537157224.091][INFO]: resolved localhost to ["127.0.0.1","::1"]
[1537157224.269][INFO]: [18196c7f040408109eebcfcf50cbc0a7] RESPONSE InitSession {
   "acceptInsecureCerts": false,
   "acceptSslCerts": false,
   "applicationCacheEnabled": false,
   "browserConnectionEnabled": false,
   "browserName": "chrome",
   "chrome": {
      "chromedriverVersion": "2.42.591059 (a3d9684d10d61aa0c45f6723b327283be1ebaad8)",
      "userDataDir": "/var/folders/3l/mnsbbvwd041cf0xpw_yj0_vm0000gn/T/.org.chromium.Chromium.2ZVlGN"
   },
   "cssSelectorsEnabled": true,
   "databaseEnabled": false,
   "goog:chromeOptions": {
      "debuggerAddress": "localhost:60756"
   },
   "handlesAlerts": true,
   "hasTouchScreen": false,
   "javascriptEnabled": true,
   "locationContextEnabled": true,
   "mobileEmulationEnabled": false,
   "nativeEvents": true,
   "networkConnectionEnabled": false,
   "pageLoadStrategy": "normal",
   "platform": "Mac OS X",
   "rotatable": false,
   "~~~": "..."
}
[1537157224.390][INFO]: [18196c7f040408109eebcfcf50cbc0a7] COMMAND SetTimeouts {
   "ms": 10000,
   "type": "page load"
}
[1537157224.390][INFO]: [18196c7f040408109eebcfcf50cbc0a7] RESPONSE SetTimeouts
[1537157224.396][INFO]: [18196c7f040408109eebcfcf50cbc0a7] COMMAND SetTimeouts {
   "ms": 10000,
   "type": "implicit"
}
[1537157224.397][INFO]: [18196c7f040408109eebcfcf50cbc0a7] RESPONSE SetTimeouts
[1537157224.407][INFO]: [18196c7f040408109eebcfcf50cbc0a7] COMMAND MaximizeWindow {
   "handle": "current",
   "windowHandle": "current"
}
[1537157224.408][INFO]: resolved localhost to ["127.0.0.1","::1"]
[1537157224.705][INFO]: [18196c7f040408109eebcfcf50cbc0a7] RESPONSE MaximizeWindow {
   "height": 725,
   "width": 1200,
   "x": 22,
   "y": 23
}
[1537157224.771][INFO]: [18196c7f040408109eebcfcf50cbc0a7] COMMAND Navigate {
   "url": "https://github.com/"
}
[1537157224.771][INFO]: Waiting for pending navigations...
[1537157224.776][INFO]: Done waiting for pending navigations. Status: ok
[1537157226.015][INFO]: Waiting for pending navigations...
[1537157230.127][INFO]: Done waiting for pending navigations. Status: ok
[1537157230.127][INFO]: [18196c7f040408109eebcfcf50cbc0a7] RESPONSE Navigate
[1537157230.132][INFO]: [18196c7f040408109eebcfcf50cbc0a7] COMMAND FindElement {
   "using": "xpath",
   "value": "/html/body/div[1]/header/div/div[2]/div/span/div/a[1]"
}
[1537157230.132][INFO]: Waiting for pending navigations...
[1537157230.133][INFO]: Done waiting for pending navigations. Status: ok
[1537157240.159][INFO]: Waiting for pending navigations...
[1537157240.160][INFO]: Done waiting for pending navigations. Status: ok
[1537157240.160][INFO]: [18196c7f040408109eebcfcf50cbc0a7] RESPONSE FindElement ERROR no such element: Unable to locate element: {"method":"xpath","selector":"/html/body/div[1]/header/div/div[2]/div/span/div/a[1]"}
  (Session info: chrome=68.0.3440.106)
[1537157240.219][INFO]: [18196c7f040408109eebcfcf50cbc0a7] COMMAND Screenshot {

}
[1537157240.219][INFO]: Waiting for pending navigations...
[1537157240.221][INFO]: Done waiting for pending navigations. Status: ok
[1537157241.194][INFO]: Waiting for pending navigations...
[1537157241.196][INFO]: Done waiting for pending navigations. Status: ok
[1537157241.196][INFO]: [18196c7f040408109eebcfcf50cbc0a7] RESPONSE Screenshot "iVBORw0KGgoAAAANSUhEUgAACWAAAATGCAYAAACi359dAAAgAElEQVR4nOzdfUBTV54H/G9I4CIQEA34EnwLYEPEodY2FlpaWaz6wKCLs7G2OnamFnerOFtpuyu6zwKzU6Gr0tn60n3EdnZcnWqZ1aVW+jK62rEjU0ZrGRWpCloF36Aq4AsXgTx/AHkhCSQhIYDfz..."
