[1537158127.271][INFO]: [f02ec4a99e5b352caeb493bf355d3b4d] COMMAND InitSession {
   "capabilities": {
      "desiredCapabilities": {
         "browserName": "chrome",
         "goog:chromeOptions": {
            "args": [  ],
            "extensions": [  ]
         }
      },
      "firstMatch": [ {
         "browserName": "chrome",
         "goog:chromeOptions": {
            "args": [  ],
            "extensions": [  ]
         }
      } ]
   },
   "desiredCapabilities": {
      "browserName": "chrome",
      "goog:chromeOptions": {
         "args": [  ],
         "extensions": [  ]
      }
   }
}
[1537158127.281][INFO]: Populating Preferences file: {
   "alternate_error_pages": {
      "enabled": false
   },
   "autofill": {
      "enabled": false
   },
   "browser": {
      "check_default_browser": false
   },
   "distribution": {
      "import_bookmarks": false,
      "import_history": false,
      "import_search_engine": false,
      "make_chrome_default_for_user": false,
      "skip_first_run_ui": true
   },
   "dns_prefetching": {
      "enabled": false
   },
   "profile": {
      "content_settings": {
         "pattern_pairs": {
            "https://*,*": {
               "media-stream": {
                  "audio": "Default",
                  "video": "Default"
               }
            }
         }
      },
      "default_content_setting_values": {
         "geolocation": 1
      },
      "default_content_settings": {
         "geolocation": 1,
         "mouselock": 1,
         "notifications": 1,
         "popups": 1,
         "ppapi-broker": 1
      },
      "password_manager_enabled": false
   },
   "safebrowsing": {
      "enabled": false
   },
   "search": {
      "suggest_enabled": false
   },
   "translate": {
      "enabled": false
   }
}
[1537158127.282][INFO]: Populating Local State file: {
   "background_mode": {
      "enabled": false
   },
   "ssl": {
      "rev_checking": {
         "enabled": false
      }
   }
}
[1537158127.289][INFO]: Launching chrome: /Applications/Google Chrome.app/Contents/MacOS/Google Chrome --disable-background-networking --disable-client-side-phishing-detection --disable-default-apps --disable-hang-monitor --disable-popup-blocking --disable-prompt-on-repost --disable-sync --disable-web-resources --enable-automation --enable-logging --force-fieldtrials=SiteIsolationExtensions/Control --ignore-certificate-errors --load-extension=/var/folders/3l/mnsbbvwd041cf0xpw_yj0_vm0000gn/T/.org.chromium.Chromium.ySRnaS/internal --log-level=0 --metrics-recording-only --no-first-run --password-store=basic --remote-debugging-port=0 --test-type=webdriver --use-mock-keychain --user-data-dir=/var/folders/3l/mnsbbvwd041cf0xpw_yj0_vm0000gn/T/.org.chromium.Chromium.frj2u6 data:,
[1537158130.996][INFO]: resolved localhost to ["127.0.0.1","::1"]
[1537158132.054][INFO]: [f02ec4a99e5b352caeb493bf355d3b4d] RESPONSE InitSession {
   "acceptInsecureCerts": false,
   "acceptSslCerts": false,
   "applicationCacheEnabled": false,
   "browserConnectionEnabled": false,
   "browserName": "chrome",
   "chrome": {
      "chromedriverVersion": "2.42.591059 (a3d9684d10d61aa0c45f6723b327283be1ebaad8)",
      "userDataDir": "/var/folders/3l/mnsbbvwd041cf0xpw_yj0_vm0000gn/T/.org.chromium.Chromium.frj2u6"
   },
   "cssSelectorsEnabled": true,
   "databaseEnabled": false,
   "goog:chromeOptions": {
      "debuggerAddress": "localhost:64255"
   },
   "handlesAlerts": true,
   "hasTouchScreen": false,
   "javascriptEnabled": true,
   "locationContextEnabled": true,
   "mobileEmulationEnabled": false,
   "nativeEvents": true,
   "networkConnectionEnabled": false,
   "pageLoadStrategy": "normal",
   "platform": "Mac OS X",
   "rotatable": false,
   "~~~": "..."
}
[1537158132.777][INFO]: [f02ec4a99e5b352caeb493bf355d3b4d] COMMAND SetTimeouts {
   "ms": 10000,
   "type": "page load"
}
[1537158132.777][INFO]: [f02ec4a99e5b352caeb493bf355d3b4d] RESPONSE SetTimeouts
[1537158132.796][INFO]: [f02ec4a99e5b352caeb493bf355d3b4d] COMMAND SetTimeouts {
   "ms": 10000,
   "type": "implicit"
}
[1537158132.796][INFO]: [f02ec4a99e5b352caeb493bf355d3b4d] RESPONSE SetTimeouts
[1537158132.861][INFO]: [f02ec4a99e5b352caeb493bf355d3b4d] COMMAND MaximizeWindow {
   "handle": "current",
   "windowHandle": "current"
}
[1537158132.865][INFO]: resolved localhost to ["127.0.0.1","::1"]
[1537158133.280][INFO]: [f02ec4a99e5b352caeb493bf355d3b4d] RESPONSE MaximizeWindow {
   "height": 724,
   "width": 1200,
   "x": 22,
   "y": 23
}
[1537158133.412][INFO]: [f02ec4a99e5b352caeb493bf355d3b4d] COMMAND Navigate {
   "url": "https://github.com/"
}
[1537158133.412][INFO]: Waiting for pending navigations...
[1537158133.418][INFO]: Done waiting for pending navigations. Status: ok
[1537158136.066][INFO]: Waiting for pending navigations...
[1537158143.413][SEVERE]: Timed out receiving message from renderer: 7.346
[1537158143.415][INFO]: Timed out. Stopping navigation...
[1537158143.418][SEVERE]: Timed out receiving message from renderer: -0.006
[1537158143.419][INFO]: Done waiting for pending navigations. Status: timeout
[1537158143.419][INFO]: [f02ec4a99e5b352caeb493bf355d3b4d] RESPONSE Navigate ERROR timeout
  (Session info: chrome=68.0.3440.106)
[1537158143.646][INFO]: [f02ec4a99e5b352caeb493bf355d3b4d] COMMAND Screenshot {

}
[1537158143.646][INFO]: Waiting for pending navigations...
[1537158153.647][SEVERE]: Timed out receiving message from renderer: 10.000
[1537158153.647][INFO]: Timed out. Stopping navigation...
[1537158153.649][SEVERE]: Timed out receiving message from renderer: -0.003
[1537158153.650][INFO]: Done waiting for pending navigations. Status: timeout
[1537158153.650][INFO]: [f02ec4a99e5b352caeb493bf355d3b4d] RESPONSE Screenshot ERROR timeout
  (Session info: chrome=68.0.3440.106)
