[1537158354.835][INFO]: [e0942a55f0fd7354922eb5047c63919c] COMMAND InitSession {
   "capabilities": {
      "desiredCapabilities": {
         "browserName": "chrome",
         "goog:chromeOptions": {
            "args": [  ],
            "extensions": [  ]
         }
      },
      "firstMatch": [ {
         "browserName": "chrome",
         "goog:chromeOptions": {
            "args": [  ],
            "extensions": [  ]
         }
      } ]
   },
   "desiredCapabilities": {
      "browserName": "chrome",
      "goog:chromeOptions": {
         "args": [  ],
         "extensions": [  ]
      }
   }
}
[1537158354.850][INFO]: Populating Preferences file: {
   "alternate_error_pages": {
      "enabled": false
   },
   "autofill": {
      "enabled": false
   },
   "browser": {
      "check_default_browser": false
   },
   "distribution": {
      "import_bookmarks": false,
      "import_history": false,
      "import_search_engine": false,
      "make_chrome_default_for_user": false,
      "skip_first_run_ui": true
   },
   "dns_prefetching": {
      "enabled": false
   },
   "profile": {
      "content_settings": {
         "pattern_pairs": {
            "https://*,*": {
               "media-stream": {
                  "audio": "Default",
                  "video": "Default"
               }
            }
         }
      },
      "default_content_setting_values": {
         "geolocation": 1
      },
      "default_content_settings": {
         "geolocation": 1,
         "mouselock": 1,
         "notifications": 1,
         "popups": 1,
         "ppapi-broker": 1
      },
      "password_manager_enabled": false
   },
   "safebrowsing": {
      "enabled": false
   },
   "search": {
      "suggest_enabled": false
   },
   "translate": {
      "enabled": false
   }
}
[1537158354.853][INFO]: Populating Local State file: {
   "background_mode": {
      "enabled": false
   },
   "ssl": {
      "rev_checking": {
         "enabled": false
      }
   }
}
[1537158354.866][INFO]: Launching chrome: /Applications/Google Chrome.app/Contents/MacOS/Google Chrome --disable-background-networking --disable-client-side-phishing-detection --disable-default-apps --disable-hang-monitor --disable-popup-blocking --disable-prompt-on-repost --disable-sync --disable-web-resources --enable-automation --enable-logging --force-fieldtrials=SiteIsolationExtensions/Control --ignore-certificate-errors --load-extension=/var/folders/3l/mnsbbvwd041cf0xpw_yj0_vm0000gn/T/.org.chromium.Chromium.tNFtfa/internal --log-level=0 --metrics-recording-only --no-first-run --password-store=basic --remote-debugging-port=0 --test-type=webdriver --use-mock-keychain --user-data-dir=/var/folders/3l/mnsbbvwd041cf0xpw_yj0_vm0000gn/T/.org.chromium.Chromium.LC9ONQ data:,
[1537158358.020][INFO]: resolved localhost to ["127.0.0.1","::1"]
[1537158359.501][INFO]: [e0942a55f0fd7354922eb5047c63919c] RESPONSE InitSession {
   "acceptInsecureCerts": false,
   "acceptSslCerts": false,
   "applicationCacheEnabled": false,
   "browserConnectionEnabled": false,
   "browserName": "chrome",
   "chrome": {
      "chromedriverVersion": "2.42.591059 (a3d9684d10d61aa0c45f6723b327283be1ebaad8)",
      "userDataDir": "/var/folders/3l/mnsbbvwd041cf0xpw_yj0_vm0000gn/T/.org.chromium.Chromium.LC9ONQ"
   },
   "cssSelectorsEnabled": true,
   "databaseEnabled": false,
   "goog:chromeOptions": {
      "debuggerAddress": "localhost:65197"
   },
   "handlesAlerts": true,
   "hasTouchScreen": false,
   "javascriptEnabled": true,
   "locationContextEnabled": true,
   "mobileEmulationEnabled": false,
   "nativeEvents": true,
   "networkConnectionEnabled": false,
   "pageLoadStrategy": "normal",
   "platform": "Mac OS X",
   "rotatable": false,
   "~~~": "..."
}
[1537158360.252][INFO]: [e0942a55f0fd7354922eb5047c63919c] COMMAND SetTimeouts {
   "ms": 10000,
   "type": "page load"
}
[1537158360.252][INFO]: [e0942a55f0fd7354922eb5047c63919c] RESPONSE SetTimeouts
[1537158360.318][INFO]: [e0942a55f0fd7354922eb5047c63919c] COMMAND SetTimeouts {
   "ms": 10000,
   "type": "implicit"
}
[1537158360.318][INFO]: [e0942a55f0fd7354922eb5047c63919c] RESPONSE SetTimeouts
[1537158360.379][INFO]: [e0942a55f0fd7354922eb5047c63919c] COMMAND MaximizeWindow {
   "handle": "current",
   "windowHandle": "current"
}
[1537158360.382][INFO]: resolved localhost to ["127.0.0.1","::1"]
[1537158360.518][INFO]: [e0942a55f0fd7354922eb5047c63919c] RESPONSE MaximizeWindow {
   "height": 724,
   "width": 1200,
   "x": 22,
   "y": 23
}
[1537158360.654][INFO]: [e0942a55f0fd7354922eb5047c63919c] COMMAND Navigate {
   "url": "https://github.com/"
}
[1537158360.655][INFO]: Waiting for pending navigations...
[1537158360.659][INFO]: Done waiting for pending navigations. Status: ok
[1537158364.390][INFO]: Waiting for pending navigations...
[1537158370.656][SEVERE]: Timed out receiving message from renderer: 6.264
[1537158370.661][INFO]: Timed out. Stopping navigation...
[1537158370.663][SEVERE]: Timed out receiving message from renderer: -0.008
[1537158370.663][INFO]: Done waiting for pending navigations. Status: timeout
[1537158370.664][INFO]: [e0942a55f0fd7354922eb5047c63919c] RESPONSE Navigate ERROR timeout
  (Session info: chrome=68.0.3440.106)
[1537158669.401][INFO]: [e0942a55f0fd7354922eb5047c63919c] COMMAND Screenshot {

}
[1537158669.450][INFO]: Waiting for pending navigations...
[1537158679.452][SEVERE]: Timed out receiving message from renderer: 10.000
[1537158679.453][INFO]: Timed out. Stopping navigation...
[1537158679.465][SEVERE]: Timed out receiving message from renderer: -0.015
[1537158679.465][INFO]: Done waiting for pending navigations. Status: timeout
[1537158679.465][INFO]: [e0942a55f0fd7354922eb5047c63919c] RESPONSE Screenshot ERROR timeout
  (Session info: chrome=68.0.3440.106)
