[1537157561.792][INFO]: [b0f2d152cb8a38dcabf883186ee73879] COMMAND InitSession {
   "capabilities": {
      "desiredCapabilities": {
         "browserName": "chrome",
         "goog:chromeOptions": {
            "args": [  ],
            "extensions": [  ]
         }
      },
      "firstMatch": [ {
         "browserName": "chrome",
         "goog:chromeOptions": {
            "args": [  ],
            "extensions": [  ]
         }
      } ]
   },
   "desiredCapabilities": {
      "browserName": "chrome",
      "goog:chromeOptions": {
         "args": [  ],
         "extensions": [  ]
      }
   }
}
[1537157561.802][INFO]: Populating Preferences file: {
   "alternate_error_pages": {
      "enabled": false
   },
   "autofill": {
      "enabled": false
   },
   "browser": {
      "check_default_browser": false
   },
   "distribution": {
      "import_bookmarks": false,
      "import_history": false,
      "import_search_engine": false,
      "make_chrome_default_for_user": false,
      "skip_first_run_ui": true
   },
   "dns_prefetching": {
      "enabled": false
   },
   "profile": {
      "content_settings": {
         "pattern_pairs": {
            "https://*,*": {
               "media-stream": {
                  "audio": "Default",
                  "video": "Default"
               }
            }
         }
      },
      "default_content_setting_values": {
         "geolocation": 1
      },
      "default_content_settings": {
         "geolocation": 1,
         "mouselock": 1,
         "notifications": 1,
         "popups": 1,
         "ppapi-broker": 1
      },
      "password_manager_enabled": false
   },
   "safebrowsing": {
      "enabled": false
   },
   "search": {
      "suggest_enabled": false
   },
   "translate": {
      "enabled": false
   }
}
[1537157561.804][INFO]: Populating Local State file: {
   "background_mode": {
      "enabled": false
   },
   "ssl": {
      "rev_checking": {
         "enabled": false
      }
   }
}
[1537157561.811][INFO]: Launching chrome: /Applications/Google Chrome.app/Contents/MacOS/Google Chrome --disable-background-networking --disable-client-side-phishing-detection --disable-default-apps --disable-hang-monitor --disable-popup-blocking --disable-prompt-on-repost --disable-sync --disable-web-resources --enable-automation --enable-logging --force-fieldtrials=SiteIsolationExtensions/Control --ignore-certificate-errors --load-extension=/var/folders/3l/mnsbbvwd041cf0xpw_yj0_vm0000gn/T/.org.chromium.Chromium.jhyDpX/internal --log-level=0 --metrics-recording-only --no-first-run --password-store=basic --remote-debugging-port=0 --test-type=webdriver --use-mock-keychain --user-data-dir=/var/folders/3l/mnsbbvwd041cf0xpw_yj0_vm0000gn/T/.org.chromium.Chromium.dUvyW3 data:,
[1537157565.540][INFO]: resolved localhost to ["127.0.0.1","::1"]
[1537157567.165][INFO]: [b0f2d152cb8a38dcabf883186ee73879] RESPONSE InitSession {
   "acceptInsecureCerts": false,
   "acceptSslCerts": false,
   "applicationCacheEnabled": false,
   "browserConnectionEnabled": false,
   "browserName": "chrome",
   "chrome": {
      "chromedriverVersion": "2.42.591059 (a3d9684d10d61aa0c45f6723b327283be1ebaad8)",
      "userDataDir": "/var/folders/3l/mnsbbvwd041cf0xpw_yj0_vm0000gn/T/.org.chromium.Chromium.dUvyW3"
   },
   "cssSelectorsEnabled": true,
   "databaseEnabled": false,
   "goog:chromeOptions": {
      "debuggerAddress": "localhost:62057"
   },
   "handlesAlerts": true,
   "hasTouchScreen": false,
   "javascriptEnabled": true,
   "locationContextEnabled": true,
   "mobileEmulationEnabled": false,
   "nativeEvents": true,
   "networkConnectionEnabled": false,
   "pageLoadStrategy": "normal",
   "platform": "Mac OS X",
   "rotatable": false,
   "~~~": "..."
}
[1537157567.779][INFO]: [b0f2d152cb8a38dcabf883186ee73879] COMMAND SetTimeouts {
   "ms": 10000,
   "type": "page load"
}
[1537157567.779][INFO]: [b0f2d152cb8a38dcabf883186ee73879] RESPONSE SetTimeouts
[1537157567.800][INFO]: [b0f2d152cb8a38dcabf883186ee73879] COMMAND SetTimeouts {
   "ms": 10000,
   "type": "implicit"
}
[1537157567.800][INFO]: [b0f2d152cb8a38dcabf883186ee73879] RESPONSE SetTimeouts
[1537157567.839][INFO]: [b0f2d152cb8a38dcabf883186ee73879] COMMAND MaximizeWindow {
   "handle": "current",
   "windowHandle": "current"
}
[1537157567.842][INFO]: resolved localhost to ["127.0.0.1","::1"]
[1537157568.045][INFO]: [b0f2d152cb8a38dcabf883186ee73879] RESPONSE MaximizeWindow {
   "height": 725,
   "width": 1200,
   "x": 22,
   "y": 23
}
[1537157568.325][INFO]: [b0f2d152cb8a38dcabf883186ee73879] COMMAND Navigate {
   "url": "https://github.com/"
}
[1537157568.325][INFO]: Waiting for pending navigations...
[1537157568.329][INFO]: Done waiting for pending navigations. Status: ok
[1537157572.641][INFO]: Waiting for pending navigations...
[1537157578.326][SEVERE]: Timed out receiving message from renderer: 5.684
[1537157578.327][INFO]: Timed out. Stopping navigation...
[1537157578.329][SEVERE]: Timed out receiving message from renderer: -0.005
[1537157578.330][INFO]: Done waiting for pending navigations. Status: timeout
[1537157578.330][INFO]: [b0f2d152cb8a38dcabf883186ee73879] RESPONSE Navigate ERROR timeout
  (Session info: chrome=68.0.3440.106)
[1537157578.559][INFO]: [b0f2d152cb8a38dcabf883186ee73879] COMMAND Screenshot {

}
[1537157578.559][INFO]: Waiting for pending navigations...
[1537157588.560][SEVERE]: Timed out receiving message from renderer: 10.000
[1537157588.561][INFO]: Timed out. Stopping navigation...
[1537157588.563][SEVERE]: Timed out receiving message from renderer: -0.004
[1537157588.564][INFO]: Done waiting for pending navigations. Status: timeout
[1537157588.564][INFO]: [b0f2d152cb8a38dcabf883186ee73879] RESPONSE Screenshot ERROR timeout
  (Session info: chrome=68.0.3440.106)
