[1537156841.720][INFO]: [197bd00cfca12155698496de9e7c0e4e] COMMAND InitSession {
   "capabilities": {
      "desiredCapabilities": {
         "browserName": "chrome",
         "goog:chromeOptions": {
            "args": [  ],
            "extensions": [  ]
         }
      },
      "firstMatch": [ {
         "browserName": "chrome",
         "goog:chromeOptions": {
            "args": [  ],
            "extensions": [  ]
         }
      } ]
   },
   "desiredCapabilities": {
      "browserName": "chrome",
      "goog:chromeOptions": {
         "args": [  ],
         "extensions": [  ]
      }
   }
}
[1537156841.723][INFO]: Populating Preferences file: {
   "alternate_error_pages": {
      "enabled": false
   },
   "autofill": {
      "enabled": false
   },
   "browser": {
      "check_default_browser": false
   },
   "distribution": {
      "import_bookmarks": false,
      "import_history": false,
      "import_search_engine": false,
      "make_chrome_default_for_user": false,
      "skip_first_run_ui": true
   },
   "dns_prefetching": {
      "enabled": false
   },
   "profile": {
      "content_settings": {
         "pattern_pairs": {
            "https://*,*": {
               "media-stream": {
                  "audio": "Default",
                  "video": "Default"
               }
            }
         }
      },
      "default_content_setting_values": {
         "geolocation": 1
      },
      "default_content_settings": {
         "geolocation": 1,
         "mouselock": 1,
         "notifications": 1,
         "popups": 1,
         "ppapi-broker": 1
      },
      "password_manager_enabled": false
   },
   "safebrowsing": {
      "enabled": false
   },
   "search": {
      "suggest_enabled": false
   },
   "translate": {
      "enabled": false
   }
}
[1537156841.723][INFO]: Populating Local State file: {
   "background_mode": {
      "enabled": false
   },
   "ssl": {
      "rev_checking": {
         "enabled": false
      }
   }
}
[1537156841.728][INFO]: Launching chrome: /Applications/Google Chrome.app/Contents/MacOS/Google Chrome --disable-background-networking --disable-client-side-phishing-detection --disable-default-apps --disable-hang-monitor --disable-popup-blocking --disable-prompt-on-repost --disable-sync --disable-web-resources --enable-automation --enable-logging --force-fieldtrials=SiteIsolationExtensions/Control --ignore-certificate-errors --load-extension=/var/folders/3l/mnsbbvwd041cf0xpw_yj0_vm0000gn/T/.org.chromium.Chromium.D1MKCU/internal --log-level=0 --metrics-recording-only --no-first-run --password-store=basic --remote-debugging-port=0 --test-type=webdriver --use-mock-keychain --user-data-dir=/var/folders/3l/mnsbbvwd041cf0xpw_yj0_vm0000gn/T/.org.chromium.Chromium.UvMqxW data:,
[1537156842.720][INFO]: resolved localhost to ["::1","127.0.0.1"]
[1537156843.338][INFO]: [197bd00cfca12155698496de9e7c0e4e] RESPONSE InitSession {
   "acceptInsecureCerts": false,
   "acceptSslCerts": false,
   "applicationCacheEnabled": false,
   "browserConnectionEnabled": false,
   "browserName": "chrome",
   "chrome": {
      "chromedriverVersion": "2.42.591059 (a3d9684d10d61aa0c45f6723b327283be1ebaad8)",
      "userDataDir": "/var/folders/3l/mnsbbvwd041cf0xpw_yj0_vm0000gn/T/.org.chromium.Chromium.UvMqxW"
   },
   "cssSelectorsEnabled": true,
   "databaseEnabled": false,
   "goog:chromeOptions": {
      "debuggerAddress": "localhost:59194"
   },
   "handlesAlerts": true,
   "hasTouchScreen": false,
   "javascriptEnabled": true,
   "locationContextEnabled": true,
   "mobileEmulationEnabled": false,
   "nativeEvents": true,
   "networkConnectionEnabled": false,
   "pageLoadStrategy": "normal",
   "platform": "Mac OS X",
   "rotatable": false,
   "~~~": "..."
}
[1537156843.480][INFO]: [197bd00cfca12155698496de9e7c0e4e] COMMAND SetTimeouts {
   "ms": 10000,
   "type": "page load"
}
[1537156843.480][INFO]: [197bd00cfca12155698496de9e7c0e4e] RESPONSE SetTimeouts
[1537156843.486][INFO]: [197bd00cfca12155698496de9e7c0e4e] COMMAND SetTimeouts {
   "ms": 10000,
   "type": "implicit"
}
[1537156843.486][INFO]: [197bd00cfca12155698496de9e7c0e4e] RESPONSE SetTimeouts
[1537156843.494][INFO]: [197bd00cfca12155698496de9e7c0e4e] COMMAND MaximizeWindow {
   "handle": "current",
   "windowHandle": "current"
}
[1537156843.496][INFO]: resolved localhost to ["::1","127.0.0.1"]
[1537156843.720][INFO]: [197bd00cfca12155698496de9e7c0e4e] RESPONSE MaximizeWindow {
   "height": 725,
   "width": 1200,
   "x": 22,
   "y": 23
}
[1537156843.787][INFO]: [197bd00cfca12155698496de9e7c0e4e] COMMAND Navigate {
   "url": "https://github.com/"
}
[1537156843.787][INFO]: Waiting for pending navigations...
[1537156843.790][INFO]: Done waiting for pending navigations. Status: ok
[1537156844.729][INFO]: Waiting for pending navigations...
[1537156849.248][INFO]: Done waiting for pending navigations. Status: ok
[1537156849.248][INFO]: [197bd00cfca12155698496de9e7c0e4e] RESPONSE Navigate
[1537156849.252][INFO]: [197bd00cfca12155698496de9e7c0e4e] COMMAND FindElement {
   "using": "xpath",
   "value": "/html/body/div[1]/header/div/div[2]/div/span/div/a[1]"
}
[1537156849.253][INFO]: Waiting for pending navigations...
[1537156849.253][INFO]: Done waiting for pending navigations. Status: ok
[1537156849.273][INFO]: Waiting for pending navigations...
[1537156849.276][INFO]: Done waiting for pending navigations. Status: ok
[1537156849.276][INFO]: [197bd00cfca12155698496de9e7c0e4e] RESPONSE FindElement {
   "ELEMENT": "0.27001661864344695-1"
}
[1537156849.281][INFO]: [197bd00cfca12155698496de9e7c0e4e] COMMAND ClickElement {
   "id": "0.27001661864344695-1"
}
[1537156849.281][INFO]: Waiting for pending navigations...
[1537156849.282][INFO]: Done waiting for pending navigations. Status: ok
[1537156849.372][INFO]: Waiting for pending navigations...
[1537156849.974][INFO]: Done waiting for pending navigations. Status: ok
[1537156849.974][INFO]: [197bd00cfca12155698496de9e7c0e4e] RESPONSE ClickElement
[1537156849.979][INFO]: [197bd00cfca12155698496de9e7c0e4e] COMMAND FindElement {
   "using": "id",
   "value": "login_field"
}
[1537156849.979][INFO]: Waiting for pending navigations...
[1537156849.981][INFO]: Done waiting for pending navigations. Status: ok
[1537156850.007][INFO]: Waiting for pending navigations...
[1537156850.008][INFO]: Done waiting for pending navigations. Status: ok
[1537156850.008][INFO]: [197bd00cfca12155698496de9e7c0e4e] RESPONSE FindElement {
   "ELEMENT": "0.7050022181200286-1"
}
[1537156850.013][INFO]: [197bd00cfca12155698496de9e7c0e4e] COMMAND TypeElement {
   "id": "0.7050022181200286-1",
   "value": [ "mariliauspiana@gmail.com" ]
}
[1537156850.013][INFO]: Waiting for pending navigations...
[1537156850.014][INFO]: Done waiting for pending navigations. Status: ok
[1537156850.220][INFO]: Waiting for pending navigations...
[1537156850.222][INFO]: Done waiting for pending navigations. Status: ok
[1537156850.222][INFO]: [197bd00cfca12155698496de9e7c0e4e] RESPONSE TypeElement
[1537156850.226][INFO]: [197bd00cfca12155698496de9e7c0e4e] COMMAND FindElement {
   "using": "id",
   "value": "password"
}
[1537156850.226][INFO]: Waiting for pending navigations...
[1537156850.230][INFO]: Done waiting for pending navigations. Status: ok
[1537156850.248][INFO]: Waiting for pending navigations...
[1537156850.249][INFO]: Done waiting for pending navigations. Status: ok
[1537156850.249][INFO]: [197bd00cfca12155698496de9e7c0e4e] RESPONSE FindElement {
   "ELEMENT": "0.7050022181200286-2"
}
[1537156850.253][INFO]: [197bd00cfca12155698496de9e7c0e4e] COMMAND TypeElement {
   "id": "0.7050022181200286-2",
   "value": [ "@Mg7694216" ]
}
[1537156850.253][INFO]: Waiting for pending navigations...
[1537156850.254][INFO]: Done waiting for pending navigations. Status: ok
[1537156850.360][INFO]: Waiting for pending navigations...
[1537156850.362][INFO]: Done waiting for pending navigations. Status: ok
[1537156850.362][INFO]: [197bd00cfca12155698496de9e7c0e4e] RESPONSE TypeElement
[1537156850.368][INFO]: [197bd00cfca12155698496de9e7c0e4e] COMMAND FindElement {
   "using": "id",
   "value": "password"
}
[1537156850.368][INFO]: Waiting for pending navigations...
[1537156850.369][INFO]: Done waiting for pending navigations. Status: ok
[1537156850.376][INFO]: Waiting for pending navigations...
[1537156850.377][INFO]: Done waiting for pending navigations. Status: ok
[1537156850.377][INFO]: [197bd00cfca12155698496de9e7c0e4e] RESPONSE FindElement {
   "ELEMENT": "0.7050022181200286-2"
}
[1537156850.382][INFO]: [197bd00cfca12155698496de9e7c0e4e] COMMAND SubmitElement {
   "id": "0.7050022181200286-2"
}
[1537156850.382][INFO]: Waiting for pending navigations...
[1537156850.383][INFO]: Done waiting for pending navigations. Status: ok
[1537156850.399][INFO]: Waiting for pending navigations...
[1537156851.888][INFO]: Done waiting for pending navigations. Status: ok
[1537156851.888][INFO]: [197bd00cfca12155698496de9e7c0e4e] RESPONSE SubmitElement
[1537156851.908][INFO]: [197bd00cfca12155698496de9e7c0e4e] COMMAND CloseWindow {

}
[1537156852.081][INFO]: [197bd00cfca12155698496de9e7c0e4e] RESPONSE CloseWindow [  ]
