[1537156124.629][INFO]: [31d3205650fd658131e2b4a7ba5c0e44] COMMAND InitSession {
   "capabilities": {
      "desiredCapabilities": {
         "browserName": "chrome",
         "goog:chromeOptions": {
            "args": [  ],
            "extensions": [  ]
         }
      },
      "firstMatch": [ {
         "browserName": "chrome",
         "goog:chromeOptions": {
            "args": [  ],
            "extensions": [  ]
         }
      } ]
   },
   "desiredCapabilities": {
      "browserName": "chrome",
      "goog:chromeOptions": {
         "args": [  ],
         "extensions": [  ]
      }
   }
}
[1537156124.633][INFO]: Populating Preferences file: {
   "alternate_error_pages": {
      "enabled": false
   },
   "autofill": {
      "enabled": false
   },
   "browser": {
      "check_default_browser": false
   },
   "distribution": {
      "import_bookmarks": false,
      "import_history": false,
      "import_search_engine": false,
      "make_chrome_default_for_user": false,
      "skip_first_run_ui": true
   },
   "dns_prefetching": {
      "enabled": false
   },
   "profile": {
      "content_settings": {
         "pattern_pairs": {
            "https://*,*": {
               "media-stream": {
                  "audio": "Default",
                  "video": "Default"
               }
            }
         }
      },
      "default_content_setting_values": {
         "geolocation": 1
      },
      "default_content_settings": {
         "geolocation": 1,
         "mouselock": 1,
         "notifications": 1,
         "popups": 1,
         "ppapi-broker": 1
      },
      "password_manager_enabled": false
   },
   "safebrowsing": {
      "enabled": false
   },
   "search": {
      "suggest_enabled": false
   },
   "translate": {
      "enabled": false
   }
}
[1537156124.634][INFO]: Populating Local State file: {
   "background_mode": {
      "enabled": false
   },
   "ssl": {
      "rev_checking": {
         "enabled": false
      }
   }
}
[1537156124.637][INFO]: Launching chrome: /Applications/Google Chrome.app/Contents/MacOS/Google Chrome --disable-background-networking --disable-client-side-phishing-detection --disable-default-apps --disable-hang-monitor --disable-popup-blocking --disable-prompt-on-repost --disable-sync --disable-web-resources --enable-automation --enable-logging --force-fieldtrials=SiteIsolationExtensions/Control --ignore-certificate-errors --load-extension=/var/folders/3l/mnsbbvwd041cf0xpw_yj0_vm0000gn/T/.org.chromium.Chromium.fP1m3Y/internal --log-level=0 --metrics-recording-only --no-first-run --password-store=basic --remote-debugging-port=0 --test-type=webdriver --use-mock-keychain --user-data-dir=/var/folders/3l/mnsbbvwd041cf0xpw_yj0_vm0000gn/T/.org.chromium.Chromium.bnEm6s data:,
[1537156126.398][INFO]: resolved localhost to ["::1","127.0.0.1"]
[1537156126.648][INFO]: [31d3205650fd658131e2b4a7ba5c0e44] RESPONSE InitSession {
   "acceptInsecureCerts": false,
   "acceptSslCerts": false,
   "applicationCacheEnabled": false,
   "browserConnectionEnabled": false,
   "browserName": "chrome",
   "chrome": {
      "chromedriverVersion": "2.42.591059 (a3d9684d10d61aa0c45f6723b327283be1ebaad8)",
      "userDataDir": "/var/folders/3l/mnsbbvwd041cf0xpw_yj0_vm0000gn/T/.org.chromium.Chromium.bnEm6s"
   },
   "cssSelectorsEnabled": true,
   "databaseEnabled": false,
   "goog:chromeOptions": {
      "debuggerAddress": "localhost:56448"
   },
   "handlesAlerts": true,
   "hasTouchScreen": false,
   "javascriptEnabled": true,
   "locationContextEnabled": true,
   "mobileEmulationEnabled": false,
   "nativeEvents": true,
   "networkConnectionEnabled": false,
   "pageLoadStrategy": "normal",
   "platform": "Mac OS X",
   "rotatable": false,
   "~~~": "..."
}
[1537156126.744][INFO]: [31d3205650fd658131e2b4a7ba5c0e44] COMMAND SetTimeouts {
   "ms": 10000,
   "type": "page load"
}
[1537156126.744][INFO]: [31d3205650fd658131e2b4a7ba5c0e44] RESPONSE SetTimeouts
[1537156126.749][INFO]: [31d3205650fd658131e2b4a7ba5c0e44] COMMAND SetTimeouts {
   "ms": 10000,
   "type": "implicit"
}
[1537156126.749][INFO]: [31d3205650fd658131e2b4a7ba5c0e44] RESPONSE SetTimeouts
[1537156126.760][INFO]: [31d3205650fd658131e2b4a7ba5c0e44] COMMAND MaximizeWindow {
   "handle": "current",
   "windowHandle": "current"
}
[1537156126.761][INFO]: resolved localhost to ["::1","127.0.0.1"]
[1537156126.989][INFO]: [31d3205650fd658131e2b4a7ba5c0e44] RESPONSE MaximizeWindow {
   "height": 725,
   "width": 1200,
   "x": 22,
   "y": 23
}
[1537156127.039][INFO]: [31d3205650fd658131e2b4a7ba5c0e44] COMMAND Navigate {
   "url": "https://github.com/"
}
[1537156127.039][INFO]: Waiting for pending navigations...
[1537156127.041][INFO]: Done waiting for pending navigations. Status: ok
[1537156128.361][INFO]: Waiting for pending navigations...
[1537156133.291][INFO]: Done waiting for pending navigations. Status: ok
[1537156133.291][INFO]: [31d3205650fd658131e2b4a7ba5c0e44] RESPONSE Navigate
[1537156133.295][INFO]: [31d3205650fd658131e2b4a7ba5c0e44] COMMAND FindElement {
   "using": "xpath",
   "value": "/html/body/div[1]/header/div/div[2]/div/span/div/a[1]"
}
[1537156133.295][INFO]: Waiting for pending navigations...
[1537156133.296][INFO]: Done waiting for pending navigations. Status: ok
[1537156133.317][INFO]: Waiting for pending navigations...
[1537156133.319][INFO]: Done waiting for pending navigations. Status: ok
[1537156133.319][INFO]: [31d3205650fd658131e2b4a7ba5c0e44] RESPONSE FindElement {
   "ELEMENT": "0.1335432981981497-1"
}
[1537156133.324][INFO]: [31d3205650fd658131e2b4a7ba5c0e44] COMMAND ClickElement {
   "id": "0.1335432981981497-1"
}
[1537156133.324][INFO]: Waiting for pending navigations...
[1537156133.326][INFO]: Done waiting for pending navigations. Status: ok
[1537156133.411][INFO]: Waiting for pending navigations...
[1537156134.324][INFO]: Done waiting for pending navigations. Status: ok
[1537156134.324][INFO]: [31d3205650fd658131e2b4a7ba5c0e44] RESPONSE ClickElement
[1537156134.328][INFO]: [31d3205650fd658131e2b4a7ba5c0e44] COMMAND FindElement {
   "using": "id",
   "value": "login_field"
}
[1537156134.328][INFO]: Waiting for pending navigations...
[1537156134.329][INFO]: Done waiting for pending navigations. Status: ok
[1537156134.351][INFO]: Waiting for pending navigations...
[1537156134.353][INFO]: Done waiting for pending navigations. Status: ok
[1537156134.353][INFO]: [31d3205650fd658131e2b4a7ba5c0e44] RESPONSE FindElement {
   "ELEMENT": "0.7055046173313133-1"
}
[1537156134.358][INFO]: [31d3205650fd658131e2b4a7ba5c0e44] COMMAND TypeElement {
   "id": "0.7055046173313133-1",
   "value": [ "mariliauspiana@gmail.com" ]
}
[1537156134.358][INFO]: Waiting for pending navigations...
[1537156134.359][INFO]: Done waiting for pending navigations. Status: ok
[1537156134.563][INFO]: Waiting for pending navigations...
[1537156134.564][INFO]: Done waiting for pending navigations. Status: ok
[1537156134.564][INFO]: [31d3205650fd658131e2b4a7ba5c0e44] RESPONSE TypeElement
[1537156134.568][INFO]: [31d3205650fd658131e2b4a7ba5c0e44] COMMAND FindElement {
   "using": "id",
   "value": "password"
}
[1537156134.568][INFO]: Waiting for pending navigations...
[1537156134.571][INFO]: Done waiting for pending navigations. Status: ok
[1537156134.589][INFO]: Waiting for pending navigations...
[1537156134.591][INFO]: Done waiting for pending navigations. Status: ok
[1537156134.591][INFO]: [31d3205650fd658131e2b4a7ba5c0e44] RESPONSE FindElement {
   "ELEMENT": "0.7055046173313133-2"
}
[1537156134.595][INFO]: [31d3205650fd658131e2b4a7ba5c0e44] COMMAND TypeElement {
   "id": "0.7055046173313133-2",
   "value": [ "@Mg7694216" ]
}
[1537156134.595][INFO]: Waiting for pending navigations...
[1537156134.596][INFO]: Done waiting for pending navigations. Status: ok
[1537156134.708][INFO]: Waiting for pending navigations...
[1537156134.709][INFO]: Done waiting for pending navigations. Status: ok
[1537156134.709][INFO]: [31d3205650fd658131e2b4a7ba5c0e44] RESPONSE TypeElement
[1537156134.713][INFO]: [31d3205650fd658131e2b4a7ba5c0e44] COMMAND FindElement {
   "using": "id",
   "value": "password"
}
[1537156134.713][INFO]: Waiting for pending navigations...
[1537156134.714][INFO]: Done waiting for pending navigations. Status: ok
[1537156134.726][INFO]: Waiting for pending navigations...
[1537156134.730][INFO]: Done waiting for pending navigations. Status: ok
[1537156134.730][INFO]: [31d3205650fd658131e2b4a7ba5c0e44] RESPONSE FindElement {
   "ELEMENT": "0.7055046173313133-2"
}
[1537156134.734][INFO]: [31d3205650fd658131e2b4a7ba5c0e44] COMMAND SubmitElement {
   "id": "0.7055046173313133-2"
}
[1537156134.734][INFO]: Waiting for pending navigations...
[1537156134.735][INFO]: Done waiting for pending navigations. Status: ok
[1537156134.766][INFO]: Waiting for pending navigations...
[1537156136.045][INFO]: Done waiting for pending navigations. Status: ok
[1537156136.045][INFO]: [31d3205650fd658131e2b4a7ba5c0e44] RESPONSE SubmitElement
[1537156136.062][INFO]: [31d3205650fd658131e2b4a7ba5c0e44] COMMAND CloseWindow {

}
[1537156136.231][INFO]: [31d3205650fd658131e2b4a7ba5c0e44] RESPONSE CloseWindow [  ]
